1
 
 
 
 
                      Warning: This computer program is protected by copyright law and international treaties.       
                  Unauthorized use, reproduction or distribution of this computer program, or any portion of it, may 
                                          result in severe civil and criminal penalties.                             
                         Copyright (C) 2020 MSC Software Corporation and its licensors. All rights reserved.         
 
 
                                              * * * * * * * * * * * * * * * * * * * *
                                              * * * * * * * * * * * * * * * * * * * *
                                              * *                                 * *
                                              * *           MSC Software          * *
                                              * *               CORP              * *
                                              * *                                 * *
                                              * *      M S C   N a s t r a n      * *
                                              * *                                 * *
                                              * *  S T U D E N T   E D I T I O N  * *
                                              * *                                 * *
                                              * *     Version 2020SP1-CL749017    * *
                                              * *                                 * *
                                              * *                                 * *
                                              * *                                 * *
                                              * *          AUG  4, 2020           * *
                                              * *                                 * *
                                              * *              Intel              * *
                                              * *    MODEL Xeon/2950 (klkgng)     * *
                                              * *    Windows 10 Home 6.2 9200     * *
                                              * * Compiled for 8664 (SINGLE Mode) * *
                                              * *                                 * *
                                              * * * * * * * * * * * * * * * * * * * *
                                              * * * * * * * * * * * * * * * * * * * *

 
 
                                                 This Student Edition version is  
                                                    valid until APR 30, 2022.     
 
 
                  This program is being distributed as part of the MSC Software Student Edition. Use of this program 
                     or its results at a commercial installation, for commercial purposes, or for production work    
                                             I S   S T R I C T L Y  P R O H I B I T E D.                             
                  ==================================== FOR EDUCATIONAL USE ONLY =====================================
 
 
1News file - July 31, 2020)
  
               Welcome to MSC Nastran 2020 Service Pack 1 (2020 SP1)
  
  
   MSC Nastran brings powerful new features and enhancements for engineering
   solutions.
  
     MSC Nastran 2020 SP1 corrects four defects, evident in version 2020,
     that concern the import of Nastran Embedded Fatigue and acoustic pressure
     results into Patran, corrects a licensing defect concerning the
     TABLRPC entry, and shell elements SFRP failure indicator output in
     the Digimat-to-SOL 400 MATDIGI interface.
  
     MSC Nastran 2020 SP1 Features and Enhancements
  
     Dynamics
     - Data recovery of Poroelastic material (PEM) trim parts interior grids.
     - New PLTSURF entry introduced for easier PEM parts coupling surface
       defintions.
     - Restart support for models with invariant PEM components.
     - Temperature dependency added for frequency dependent materials.
     - SOL 108 (direct frequency response) support added for models with PEM
       parts.
  
     Rotordynamics
     - New 2D Bush (CBUSH2DA) and Squeeze File Damper (NLRSFDA) user-defined
       subroutines enabled to include inertia & acceleration terms respectively.
     - Integration of user-defined squeeze file damper libraries.
     - Cross-coupling inertia terms specification for 2D Bush (CBUSH2D) element.
     - Frequency dependent 2D Bush (PBSH2DT) property with tabular input.
  
     Composites
     - Layered Solid and Solid-Shell elements available in linear solutions.
  
     Fatigue
     - Control of the number of angles to be analyzed when using critical plane
       analysis.
     - New stress/strain output requests via FATIGUE case control.
     - More control over the amound of results data returned at critical
       locations.
     - Significant performance improvement of SOL 112 duty cycle jobs.
     - Direct access to dynamic load data in multi-channel time histroy files via
       new TABLRPC entry.
  
     Topology Optimization
     - Anisotropic materials support added.
     - Over-hang constraints for additive manufacturing.
     - New DRESP2 response types: Magnigtude of Displacement and
       maximization of stiffness and frequency.
1 
     Nonlinear
     - Nonlinear Buckling available in SOL 400
     - Allow represtentation of imperfect structural geometry through
       use modification of grid coordinates based on displacements or
       modes from a previous run.
     - MATVE limitation of five scale factor/time constraint data pairs
       removed.
  
     HPC
     - CASI (Iterative) Solver support available for inertia relief analysis.
     - Faster Global Transformation Matrix for ACMS to speed up Nastran
       interface to MSC Adams and AVL EXCITE.
     - Improved GPU acceleration for FASTFR (Fast Frequency Response) and
       MPYAD for large models.
  
     Nastran HDF5
     - Support NLLOAD outputs in HDF5
     - Add KHH/MHH/BHH matrix output control
     - Support nonlinear buckling and imperfection outputs
     - Support layered solid and solid shell composite elements
  
  
     Documentation
     The complete documentation set is provided in a separate installer and
     when installed is available at: MSC_DOC_DIR/doc/pdf_nastran directory.
     Where MSC_DOC_DIR is the directory where documentation was installed
     This help set has cross references between documents, links to how-to
     videos, and example files.
  
     Individual MSC Nastran documents are available for download from the
       Simcompanion Website at:
       http://simcompanion.mscsoftware.com/
  
     These documents were updated for the MSC Nastran 2020 SP1 Release
  
         1.  Installation and Operations Guide
         2.  Quick Reference Guide
         3.  Release Guide
         4.  Linear Statics Analysis User's Guide
         5.  Dynamic Analysis User's Guide
         6.  Superelements User's Guide
         7.  Rotordynamics User's Guide
         8.  Demonstration Problems Manual
         9.  Nastran Embedded Fatigue User's Guide
        10.  Design Sensitivity and Optimization
        11.   Nonlinear User's Guide SOL 400
        12.  DMAP Programmer's Guide
        13.  High Performance Computing User's Guide
        14.  DEMATD Guide
1       15.  Explicit Nonlinear (SOL 700) User's Guide
  
   Please refer to  MSC_DOC_DIR/doc/pdf_nastran/nastran_library.pdf
   for the complete document set:
  
  
   Feature Deprecation List
   To streamline the MSC Nastran program and simplify ongoing maintenance
   activiy, some obsolete capabilities have been identified and tagged for
   removal from a future release of the program in late 2020. Please review
   the list of features marked for deprecation below to ensure that there
   will be no disruption to your use of MSC Nastran. If you see a feature
   that you currently use and do not wish to lose, contact MSC Technical
   Support to report it.
  
     Features tagged for removal:
     - P-elements
     - SOL 600 nonlinear solution sequence
     - Unstructured one- and two-digit solution sequences (e.g. SOL 3, SOL 24)
     - SOL 190 (DBTRANS)
     - TAUCS solver
     - MSGMESH
     - Obsolete DMAP modules
     - SSSALTERS
  
     Refer to the MSC Nastran 2020 Release Guide for more details.
  
  
   Additional information about the release can be found at the MSC Nastran
   Product Support page: http://simcompanion.mscsoftware.com
  
   The support page provides links to these valuable information:
      * A searchable Knowledge Base containing examples and answers to thousands
        of frequently asked questions written by MSC Software subject-matter
        experts.
      * Peer-to-peer Discussion Forums enabling you to post questions for your
        MSC Software products and receive answers from other users worldwide.
      * A list of known issues with the product and any workarounds.
      * Instructions on how to contact technical support
      * A mechanism for sending us product feedback or enhancement requests.
      * Hardware and software requirements.
      * Examples and Tutorials
      * and much more.
  
   For information on training, please visit our Training web site
  
      http://www.mscsoftware.com/Contents/Services/Training/
  
1                                                       **STUDENT EDITION*    APRIL  22, 2021  MSC Nastran  8/ 4/20   PAGE     1
                                                                                                                                    
0        N A S T R A N    F I L E    A N D    S Y S T E M    P A R A M E T E R    E C H O                                           
0                                                                                                                                   
                                                                                                                                    
                                                                                                                                    
     NASTRAN BUFFSIZE=8193 $(C:/PROGRAM FILES/MSC.SOFTWARE/NAPA_SE/2020/NASTRAN/CONF/
     $ MSC.NASTRAN INPUT FILE CREATED ON APRIL     22, 2021 AT 22:52:31 BY           
     $ PATRAN 2020  (STUDENT EDITION)                                                
     $ DIRECT TEXT INPUT FOR NASTRAN SYSTEM CELL SECTION                             
     $ DIRECT TEXT INPUT FOR FILE MANAGEMENT SECTION                                 
     $ DIRECT TEXT INPUT FOR EXECUTIVE CONTROL                                       
     $ NORMAL MODES ANALYSIS, DATABASE                                               
1                                                       **STUDENT EDITION*    APRIL  22, 2021  MSC Nastran  8/ 4/20   PAGE     2
                                                                                                                                    
0        N A S T R A N    E X E C U T I V E    C O N T R O L    E C H O                                                             
0                                                                                                                                   
                                                                                                                                    
                                                                                                                                    
     SOL 103                                                                                 
     CEND                                                                                    
1    MSC.NASTRAN JOB CREATED ON 22-APR-21 AT 04:13:57   **STUDENT EDITION*    APRIL  22, 2021  MSC Nastran  8/ 4/20   PAGE     3
                                                                                                                                    
0                                                                                                                                   
0                                        C A S E    C O N T R O L    E C H O                                                        
                 COMMAND                                                                                                            
                 COUNT                                                                                                              
                  1      $ DIRECT TEXT INPUT FOR GLOBAL CASE CONTROL DATA                                        
                  2      TITLE = MSC.NASTRAN JOB CREATED ON 22-APR-21 AT 04:13:57                                
                  3      ECHO = NONE                                                                             
                  4      $ USING NASTRAN DEFAULT VALUES FOR RESVEC                                               
                  5      SUBCASE 1                                                                               
                  6         SUBTITLE=LOADCASE                                                                    
                  7         METHOD = 1                                                                           
                  8         SPC = 2                                                                              
                  9         VECTOR(PLOT,SORT1,REAL)=ALL                                                          
                 10      $ DIRECT TEXT INPUT FOR THIS SUBCASE                                                    
                 11      BEGIN BULK                                                                              
1    MSC.NASTRAN JOB CREATED ON 22-APR-21 AT 04:13:57   **STUDENT EDITION*    APRIL  22, 2021  MSC Nastran  8/ 4/20   PAGE     4
                                                                                                                                    
0                                                                                                                                   
                                        M O D E L   S U M M A R Y          BULK = 0
                                   ENTRY NAME        NUMBER OF ENTRIES
                                   ----------        -----------------
                                         CBAR                      336
                                        CBUSH                        8
                                        CONM2                        2
                                       CQUAD4                      240
                                       CTRIA3                       96
                                        EIGRL                        1
                                         GRID                      323
                                         MAT1                        1
                                        PARAM                        2
                                        PBARL                        2
                                        PBUSH                        1
                                       PSHELL                        1
                                         RBE2                        2
                                         SPC1                        1
                                       SPCADD                        1

 ^^^     
 ^^^ >>> IFP OPERATIONS COMPLETE <<< 
 ^^^     
1    MSC.NASTRAN JOB CREATED ON 22-APR-21 AT 04:13:57   **STUDENT EDITION*    APRIL  22, 2021  MSC Nastran  8/ 4/20   PAGE     5
                                                                                                                                    
0                                                                                                                                   
 *** USER INFORMATION MESSAGE 7310 (VECPRN)
     ORIGIN OF SUPERELEMENT OR MODULE BASIC COORDINATE SYSTEM WILL BE USED AS REFERENCE LOCATION.
     RESULTANTS ABOUT ORIGIN OF SUPERELEMENT OR MODULE BASIC COORDINATE SYSTEM IN SUPERELEMENT OR MODULE
     BASIC SYSTEM COORDINATES.
0                                                  OLOAD    RESULTANT       
  SUBCASE/    LOAD
  DAREA ID    TYPE       T1            T2            T3            R1            R2            R3
0        1     FX    0.000000E+00     ----          ----          ----       0.000000E+00  0.000000E+00                             
               FY       ----       0.000000E+00     ----       0.000000E+00     ----       0.000000E+00                             
               FZ       ----          ----       0.000000E+00  0.000000E+00  0.000000E+00     ----                                  
               MX       ----          ----          ----       0.000000E+00     ----          ----                                  
               MY       ----          ----          ----          ----       0.000000E+00     ----                                  
               MZ       ----          ----          ----          ----          ----       0.000000E+00                             
             TOTALS  0.000000E+00  0.000000E+00  0.000000E+00  0.000000E+00  0.000000E+00  0.000000E+00
 *** USER INFORMATION MESSAGE 5010 (LNCILS)
     STURM SEQUENCE DATA FOR EIGENVALUE EXTRACTION.
     TRIAL EIGENVALUE = 3.335062D+05, CYCLES = 9.191197D+01 THE STURM COUNT = 2
 *** USER INFORMATION MESSAGE 5010 (LNCILS)
     STURM SEQUENCE DATA FOR EIGENVALUE EXTRACTION.
     TRIAL EIGENVALUE = 4.678206D+08, CYCLES = 3.442388D+03 THE STURM COUNT = 14

 TABLE OF SHIFTS:  (LNNRIGL)
 SHIFT #        SHIFT VALUE         FREQUENCY, CYCLES     # EIGENVALUES BELOW    # NEW EIGENVALUES FOUND
     1.        3.3350618E+05          9.1911970E+01                 2                       11
     2.        4.6782056E+08          3.4423877E+03                14                        4

1    MSC.NASTRAN JOB CREATED ON 22-APR-21 AT 04:13:57   **STUDENT EDITION*    APRIL  22, 2021  MSC Nastran  8/ 4/20   PAGE     6
                                                                                                                                    
0                                                                                                            SUBCASE 1              
0


                          E I G E N V A L U E  A N A L Y S I S   S U M M A R Y   (READ MODULE) 



                                     BLOCK SIZE USED ......................     7

                                     NUMBER OF DECOMPOSITIONS .............     2

                                     NUMBER OF ROOTS FOUND ................    10

                                     NUMBER OF SOLVES REQUIRED ............    21

1    MSC.NASTRAN JOB CREATED ON 22-APR-21 AT 04:13:57   **STUDENT EDITION*    APRIL  22, 2021  MSC Nastran  8/ 4/20   PAGE     7
                                                                                                                                    
0                                                                                                            SUBCASE 1              
 
                                              R E A L   E I G E N V A L U E S
   MODE    EXTRACTION      EIGENVALUE            RADIANS             CYCLES            GENERALIZED         GENERALIZED
    NO.       ORDER                                                                       MASS              STIFFNESS
        1         1        3.263202E+05        5.712445E+02        9.091638E+01        1.000000E+00        3.263202E+05
        2         2        3.263202E+05        5.712445E+02        9.091638E+01        1.000000E+00        3.263202E+05
        3         3        2.003313E+06        1.415384E+03        2.252654E+02        1.000000E+00        2.003313E+06
        4         4        1.418355E+07        3.766105E+03        5.993942E+02        1.000000E+00        1.418355E+07
        5         5        1.603532E+07        4.004412E+03        6.373220E+02        1.000000E+00        1.603532E+07
        6         6        1.603532E+07        4.004412E+03        6.373220E+02        1.000000E+00        1.603532E+07
        7         7        1.704312E+08        1.305493E+04        2.077756E+03        1.000000E+00        1.704312E+08
        8         8        2.191565E+08        1.480393E+04        2.356119E+03        1.000000E+00        2.191565E+08
        9         9        3.473026E+08        1.863606E+04        2.966021E+03        1.000000E+00        3.473026E+08
       10        10        3.473026E+08        1.863606E+04        2.966021E+03        1.000000E+00        3.473026E+08
1    MSC.NASTRAN JOB CREATED ON 22-APR-21 AT 04:13:57   **STUDENT EDITION*    APRIL  22, 2021  MSC Nastran  8/ 4/20   PAGE     8
                                                                                                                                    
0                                                                                                            SUBCASE 1              
0                                                  MAXIMUM  DISPLACEMENTS   
  SUBCASE/
  DAREA ID        T1             T2             T3             R1             R2             R3
0        1   4.1823882E-02  1.5277417E-01  1.1106026E-01  1.3466832E+00  6.3182544E-01  1.0780742E-01
0        2   1.5277417E-01  4.1823882E-02  1.1106027E-01  6.3182545E-01  1.3466831E+00  1.0780743E-01
0        3   4.7642178E-03  4.7642178E-03  1.5446574E-01  2.4376173E+00  2.4376173E+00  2.5447240E-01
0        4   2.0214301E-02  2.0214301E-02  4.1191915E-01  4.9343514E+00  4.9343514E+00  3.6895885E-01
0        5   1.9967007E-01  2.1851828E-01  3.4219781E-01  4.3618316E+00  4.3379028E+00  5.5263561E-01
0        6   2.1851828E-01  1.9967007E-01  3.4219699E-01  4.3378935E+00  4.3618241E+00  5.5263468E-01
0        7   7.4144939E-02  7.4144939E-02  1.8145725E+00  1.6866740E+01  1.6866740E+01  1.7931057E+00
0        8   4.7888499E-01  4.7888499E-01  6.1659157E-02  3.6044975E+00  3.6044975E+00  7.7459889E+00
0        9   1.5706601E-01  2.8109052E-01  6.5933995E-01  1.2388708E+01  1.0177169E+01  4.9266284E+00
0       10   2.8109057E-01  1.5706603E-01  6.5933995E-01  1.0177169E+01  1.2388708E+01  4.9266307E+00
1    MSC.NASTRAN JOB CREATED ON 22-APR-21 AT 04:13:57   **STUDENT EDITION*    APRIL  22, 2021  MSC Nastran  8/ 4/20   PAGE     9
                                                                                                                                    
0                                                                                                            SUBCASE 1              
 * * * *  D B D I C T   P R I N T  * * * *      SUBDMAP = PRTSUM  ,  DMAP STATEMENT NO.     71



0                                   * * * *  A N A L Y S I S  S U M M A R Y  T A B L E  * * * *
0 SEID  PEID PROJ VERS APRCH      SEMG SEMR SEKR SELG SELR MODES DYNRED SOLLIN PVALID SOLNL LOOPID DESIGN CYCLE SENSITIVITY
 --------------------------------------------------------------------------------------------------------------------------
     0     0    1    1 '        '    T    T    T    T    T     T      F      T      0     F     -1            0           F
0SEID = SUPERELEMENT ID.
 PEID = PRIMARY SUPERELEMENT ID OF IMAGE SUPERELEMENT.
 PROJ = PROJECT ID NUMBER.
 VERS = VERSION ID.
 APRCH = BLANK FOR STRUCTURAL ANALYSIS.  HEAT FOR HEAT TRANSFER ANALYSIS.
 SEMG = STIFFNESS AND MASS MATRIX GENERATION STEP.
 SEMR = MASS MATRIX REDUCTION STEP (INCLUDES EIGENVALUE SOLUTION FOR MODES).
 SEKR = STIFFNESS MATRIX REDUCTION STEP.
 SELG = LOAD MATRIX GENERATION STEP.
 SELR = LOAD MATRIX REDUCTION STEP. 
 MODES = T (TRUE) IF NORMAL MODES OR BUCKLING MODES CALCULATED.
 DYNRED = T (TRUE) MEANS GENERALIZED DYNAMIC AND/OR COMPONENT MODE REDUCTION PERFORMED.
 SOLLIN = T (TRUE) IF LINEAR SOLUTION EXISTS IN DATABASE.
 PVALID = P-DISTRIBUTION ID OF P-VALUE FOR P-ELEMENTS
 LOOPID = THE LAST LOOPID VALUE USED IN THE NONLINEAR ANALYSIS.  USEFUL FOR RESTARTS.
 SOLNL = T (TRUE) IF NONLINEAR SOLUTION EXISTS IN DATABASE.
 DESIGN CYCLE = THE LAST DESIGN CYCLE (ONLY VALID IN OPTIMIZATION).
 SENSITIVITY = SENSITIVITY MATRIX GENERATION FLAG.
 
 No PARAM values were set in the Control File.
 
1                                        * * * END OF JOB * * *
 
 
 No Symbolic Replacement variables or values were specified.

